{"/Users/pooja/Documents/Development/CareerFoundry/FullStackImmersion/meet/src/App.js": {"path":"/Users/pooja/Documents/Development/CareerFoundry/FullStackImmersion/meet/src/App.js","statementMap":{"0":{"start":{"line":7,"column":2},"end":{"line":13,"column":4}}},"fnMap":{"0":{"name":"App","decl":{"start":{"line":6,"column":9},"end":{"line":6,"column":12}},"loc":{"start":{"line":6,"column":15},"end":{"line":14,"column":1}},"line":6}},"branchMap":{},"s":{"0":2},"f":{"0":2},"b":{},"_coverageSchema":"1a1c01bbd47fc00a2c39e90264f33305004495a9","hash":"1438844f4809964f5119e40d5542e8bb1a8908fa"}
,"/Users/pooja/Documents/Development/CareerFoundry/FullStackImmersion/meet/src/api.js": {"path":"/Users/pooja/Documents/Development/CareerFoundry/FullStackImmersion/meet/src/api.js","statementMap":{"0":{"start":{"line":11,"column":32},"end":{"line":15,"column":1}},"1":{"start":{"line":12,"column":29},"end":{"line":12,"column":66}},"2":{"start":{"line":12,"column":51},"end":{"line":12,"column":65}},"3":{"start":{"line":13,"column":20},"end":{"line":13,"column":52}},"4":{"start":{"line":14,"column":2},"end":{"line":14,"column":19}},"5":{"start":{"line":17,"column":19},"end":{"line":23,"column":1}},"6":{"start":{"line":18,"column":19},"end":{"line":20,"column":3}},"7":{"start":{"line":21,"column":17},"end":{"line":21,"column":38}},"8":{"start":{"line":22,"column":2},"end":{"line":22,"column":16}},"9":{"start":{"line":25,"column":25},"end":{"line":48,"column":1}},"10":{"start":{"line":26,"column":2},"end":{"line":26,"column":75}},"11":{"start":{"line":26,"column":59},"end":{"line":26,"column":75}},"12":{"start":{"line":28,"column":2},"end":{"line":31,"column":3}},"13":{"start":{"line":29,"column":19},"end":{"line":29,"column":53}},"14":{"start":{"line":30,"column":4},"end":{"line":30,"column":44}},"15":{"start":{"line":33,"column":16},"end":{"line":33,"column":38}},"16":{"start":{"line":35,"column":2},"end":{"line":47,"column":3}},"17":{"start":{"line":36,"column":4},"end":{"line":36,"column":18}},"18":{"start":{"line":38,"column":6},"end":{"line":40,"column":11}},"19":{"start":{"line":41,"column":21},"end":{"line":41,"column":37}},"20":{"start":{"line":42,"column":19},"end":{"line":42,"column":40}},"21":{"start":{"line":43,"column":4},"end":{"line":46,"column":23}},"22":{"start":{"line":44,"column":6},"end":{"line":44,"column":72}},"23":{"start":{"line":45,"column":6},"end":{"line":45,"column":27}},"24":{"start":{"line":46,"column":11},"end":{"line":46,"column":23}},"25":{"start":{"line":50,"column":20},"end":{"line":63,"column":1}},"26":{"start":{"line":52,"column":2},"end":{"line":62,"column":3}},"27":{"start":{"line":53,"column":4},"end":{"line":57,"column":31}},"28":{"start":{"line":58,"column":4},"end":{"line":58,"column":45}},"29":{"start":{"line":60,"column":4},"end":{"line":60,"column":68}},"30":{"start":{"line":61,"column":4},"end":{"line":61,"column":45}},"31":{"start":{"line":65,"column":30},"end":{"line":85,"column":1}},"32":{"start":{"line":66,"column":22},"end":{"line":66,"column":58}},"33":{"start":{"line":68,"column":21},"end":{"line":68,"column":67}},"34":{"start":{"line":70,"column":2},"end":{"line":83,"column":3}},"35":{"start":{"line":71,"column":4},"end":{"line":71,"column":50}},"36":{"start":{"line":72,"column":25},"end":{"line":72,"column":68}},"37":{"start":{"line":73,"column":17},"end":{"line":73,"column":47}},"38":{"start":{"line":74,"column":4},"end":{"line":81,"column":5}},"39":{"start":{"line":75,"column":23},"end":{"line":77,"column":7}},"40":{"start":{"line":78,"column":21},"end":{"line":78,"column":42}},"41":{"start":{"line":79,"column":26},"end":{"line":79,"column":32}},"42":{"start":{"line":80,"column":6},"end":{"line":80,"column":46}},"43":{"start":{"line":82,"column":4},"end":{"line":82,"column":34}},"44":{"start":{"line":84,"column":2},"end":{"line":84,"column":21}},"45":{"start":{"line":87,"column":17},"end":{"line":105,"column":1}},"46":{"start":{"line":88,"column":2},"end":{"line":104,"column":3}},"47":{"start":{"line":89,"column":23},"end":{"line":89,"column":47}},"48":{"start":{"line":91,"column":21},"end":{"line":95,"column":5}},"49":{"start":{"line":96,"column":4},"end":{"line":98,"column":5}},"50":{"start":{"line":97,"column":6},"end":{"line":97,"column":64}},"51":{"start":{"line":99,"column":29},"end":{"line":99,"column":50}},"52":{"start":{"line":100,"column":4},"end":{"line":100,"column":71}},"53":{"start":{"line":101,"column":4},"end":{"line":101,"column":24}},"54":{"start":{"line":103,"column":4},"end":{"line":103,"column":17}}},"fnMap":{"0":{"name":"(anonymous_0)","decl":{"start":{"line":11,"column":32},"end":{"line":11,"column":33}},"loc":{"start":{"line":11,"column":44},"end":{"line":15,"column":1}},"line":11},"1":{"name":"(anonymous_1)","decl":{"start":{"line":12,"column":40},"end":{"line":12,"column":41}},"loc":{"start":{"line":12,"column":51},"end":{"line":12,"column":65}},"line":12},"2":{"name":"(anonymous_2)","decl":{"start":{"line":17,"column":19},"end":{"line":17,"column":20}},"loc":{"start":{"line":17,"column":42},"end":{"line":23,"column":1}},"line":17},"3":{"name":"(anonymous_3)","decl":{"start":{"line":25,"column":25},"end":{"line":25,"column":26}},"loc":{"start":{"line":25,"column":37},"end":{"line":48,"column":1}},"line":25},"4":{"name":"(anonymous_4)","decl":{"start":{"line":50,"column":20},"end":{"line":50,"column":21}},"loc":{"start":{"line":50,"column":26},"end":{"line":63,"column":1}},"line":50},"5":{"name":"(anonymous_5)","decl":{"start":{"line":65,"column":30},"end":{"line":65,"column":31}},"loc":{"start":{"line":65,"column":42},"end":{"line":85,"column":1}},"line":65},"6":{"name":"(anonymous_6)","decl":{"start":{"line":87,"column":17},"end":{"line":87,"column":18}},"loc":{"start":{"line":87,"column":33},"end":{"line":105,"column":1}},"line":87}},"branchMap":{"0":{"loc":{"start":{"line":26,"column":2},"end":{"line":26,"column":75}},"type":"if","locations":[{"start":{"line":26,"column":2},"end":{"line":26,"column":75}},{"start":{},"end":{}}],"line":26},"1":{"loc":{"start":{"line":28,"column":2},"end":{"line":31,"column":3}},"type":"if","locations":[{"start":{"line":28,"column":2},"end":{"line":31,"column":3}},{"start":{},"end":{}}],"line":28},"2":{"loc":{"start":{"line":30,"column":11},"end":{"line":30,"column":43}},"type":"cond-expr","locations":[{"start":{"line":30,"column":20},"end":{"line":30,"column":38}},{"start":{"line":30,"column":41},"end":{"line":30,"column":43}}],"line":30},"3":{"loc":{"start":{"line":35,"column":2},"end":{"line":47,"column":3}},"type":"if","locations":[{"start":{"line":35,"column":2},"end":{"line":47,"column":3}},{"start":{},"end":{}}],"line":35},"4":{"loc":{"start":{"line":43,"column":4},"end":{"line":46,"column":23}},"type":"if","locations":[{"start":{"line":43,"column":4},"end":{"line":46,"column":23}},{"start":{"line":46,"column":11},"end":{"line":46,"column":23}}],"line":43},"5":{"loc":{"start":{"line":52,"column":2},"end":{"line":62,"column":3}},"type":"if","locations":[{"start":{"line":52,"column":2},"end":{"line":62,"column":3}},{"start":{"line":59,"column":9},"end":{"line":62,"column":3}}],"line":52},"6":{"loc":{"start":{"line":52,"column":6},"end":{"line":52,"column":58}},"type":"binary-expr","locations":[{"start":{"line":52,"column":6},"end":{"line":52,"column":30}},{"start":{"line":52,"column":34},"end":{"line":52,"column":58}}],"line":52},"7":{"loc":{"start":{"line":68,"column":21},"end":{"line":68,"column":67}},"type":"binary-expr","locations":[{"start":{"line":68,"column":21},"end":{"line":68,"column":32}},{"start":{"line":68,"column":37},"end":{"line":68,"column":66}}],"line":68},"8":{"loc":{"start":{"line":70,"column":2},"end":{"line":83,"column":3}},"type":"if","locations":[{"start":{"line":70,"column":2},"end":{"line":83,"column":3}},{"start":{},"end":{}}],"line":70},"9":{"loc":{"start":{"line":70,"column":6},"end":{"line":70,"column":38}},"type":"binary-expr","locations":[{"start":{"line":70,"column":6},"end":{"line":70,"column":18}},{"start":{"line":70,"column":22},"end":{"line":70,"column":38}}],"line":70},"10":{"loc":{"start":{"line":74,"column":4},"end":{"line":81,"column":5}},"type":"if","locations":[{"start":{"line":74,"column":4},"end":{"line":81,"column":5}},{"start":{},"end":{}}],"line":74},"11":{"loc":{"start":{"line":82,"column":11},"end":{"line":82,"column":33}},"type":"binary-expr","locations":[{"start":{"line":82,"column":11},"end":{"line":82,"column":15}},{"start":{"line":82,"column":19},"end":{"line":82,"column":33}}],"line":82},"12":{"loc":{"start":{"line":96,"column":4},"end":{"line":98,"column":5}},"type":"if","locations":[{"start":{"line":96,"column":4},"end":{"line":98,"column":5}},{"start":{},"end":{}}],"line":96},"13":{"loc":{"start":{"line":100,"column":4},"end":{"line":100,"column":70}},"type":"binary-expr","locations":[{"start":{"line":100,"column":4},"end":{"line":100,"column":16}},{"start":{"line":100,"column":20},"end":{"line":100,"column":70}}],"line":100}},"s":{"0":2,"1":2,"2":70,"3":2,"4":2,"5":2,"6":0,"7":0,"8":0,"9":2,"10":3,"11":3,"12":0,"13":0,"14":0,"15":0,"16":0,"17":0,"18":0,"19":0,"20":0,"21":0,"22":0,"23":0,"24":0,"25":2,"26":0,"27":0,"28":0,"29":0,"30":0,"31":2,"32":0,"33":0,"34":0,"35":0,"36":0,"37":0,"38":0,"39":0,"40":0,"41":0,"42":0,"43":0,"44":0,"45":2,"46":0,"47":0,"48":0,"49":0,"50":0,"51":0,"52":0,"53":0,"54":0},"f":{"0":2,"1":70,"2":0,"3":3,"4":0,"5":0,"6":0},"b":{"0":[3,0],"1":[0,0],"2":[0,0],"3":[0,0],"4":[0,0],"5":[0,0],"6":[0,0],"7":[0,0],"8":[0,0],"9":[0,0],"10":[0,0],"11":[0,0],"12":[0,0],"13":[0,0]},"_coverageSchema":"1a1c01bbd47fc00a2c39e90264f33305004495a9","hash":"dda25b4248d7856315e41481e4cfb09ea3a3b2fc"}
,"/Users/pooja/Documents/Development/CareerFoundry/FullStackImmersion/meet/src/mock-data.js": {"path":"/Users/pooja/Documents/Development/CareerFoundry/FullStackImmersion/meet/src/mock-data.js","statementMap":{"0":{"start":{"line":1,"column":17},"end":{"line":1437,"column":1}}},"fnMap":{},"branchMap":{},"s":{"0":2},"f":{},"b":{},"_coverageSchema":"1a1c01bbd47fc00a2c39e90264f33305004495a9","hash":"a6ba8ecfd65194ddadc970b113182b7c331eed95"}
,"/Users/pooja/Documents/Development/CareerFoundry/FullStackImmersion/meet/src/components/CitySearch.js": {"path":"/Users/pooja/Documents/Development/CareerFoundry/FullStackImmersion/meet/src/components/CitySearch.js","statementMap":{"0":{"start":{"line":3,"column":19},"end":{"line":49,"column":1}},"1":{"start":{"line":4,"column":48},"end":{"line":4,"column":63}},"2":{"start":{"line":5,"column":28},"end":{"line":5,"column":40}},"3":{"start":{"line":6,"column":40},"end":{"line":6,"column":52}},"4":{"start":{"line":7,"column":29},"end":{"line":17,"column":3}},"5":{"start":{"line":8,"column":18},"end":{"line":8,"column":36}},"6":{"start":{"line":9,"column":30},"end":{"line":13,"column":10}},"7":{"start":{"line":11,"column":10},"end":{"line":11,"column":74}},"8":{"start":{"line":15,"column":4},"end":{"line":15,"column":20}},"9":{"start":{"line":16,"column":4},"end":{"line":16,"column":38}},"10":{"start":{"line":18,"column":28},"end":{"line":22,"column":3}},"11":{"start":{"line":19,"column":18},"end":{"line":19,"column":42}},"12":{"start":{"line":20,"column":4},"end":{"line":20,"column":20}},"13":{"start":{"line":21,"column":4},"end":{"line":21,"column":30}},"14":{"start":{"line":23,"column":2},"end":{"line":48,"column":4}},"15":{"start":{"line":30,"column":23},"end":{"line":30,"column":47}},"16":{"start":{"line":36,"column":12},"end":{"line":40,"column":14}}},"fnMap":{"0":{"name":"(anonymous_0)","decl":{"start":{"line":3,"column":19},"end":{"line":3,"column":20}},"loc":{"start":{"line":3,"column":41},"end":{"line":49,"column":1}},"line":3},"1":{"name":"(anonymous_1)","decl":{"start":{"line":7,"column":29},"end":{"line":7,"column":30}},"loc":{"start":{"line":7,"column":40},"end":{"line":17,"column":3}},"line":7},"2":{"name":"(anonymous_2)","decl":{"start":{"line":10,"column":28},"end":{"line":10,"column":29}},"loc":{"start":{"line":10,"column":42},"end":{"line":12,"column":9}},"line":10},"3":{"name":"(anonymous_3)","decl":{"start":{"line":18,"column":28},"end":{"line":18,"column":29}},"loc":{"start":{"line":18,"column":39},"end":{"line":22,"column":3}},"line":18},"4":{"name":"(anonymous_4)","decl":{"start":{"line":30,"column":17},"end":{"line":30,"column":18}},"loc":{"start":{"line":30,"column":23},"end":{"line":30,"column":47}},"line":30},"5":{"name":"(anonymous_5)","decl":{"start":{"line":35,"column":27},"end":{"line":35,"column":28}},"loc":{"start":{"line":35,"column":43},"end":{"line":41,"column":11}},"line":35}},"branchMap":{"0":{"loc":{"start":{"line":9,"column":30},"end":{"line":13,"column":10}},"type":"cond-expr","locations":[{"start":{"line":10,"column":8},"end":{"line":12,"column":10}},{"start":{"line":13,"column":8},"end":{"line":13,"column":10}}],"line":9},"1":{"loc":{"start":{"line":33,"column":7},"end":{"line":46,"column":14}},"type":"cond-expr","locations":[{"start":{"line":34,"column":8},"end":{"line":45,"column":13}},{"start":{"line":46,"column":10},"end":{"line":46,"column":14}}],"line":33}},"s":{"0":2,"1":25,"2":25,"3":25,"4":25,"5":12,"6":12,"7":24,"8":12,"9":12,"10":25,"11":1,"12":1,"13":1,"14":25,"15":3,"16":12},"f":{"0":25,"1":12,"2":24,"3":1,"4":3,"5":12},"b":{"0":[12,0],"1":[15,10]},"_coverageSchema":"1a1c01bbd47fc00a2c39e90264f33305004495a9","hash":"1d2a5fd9c1fa3e62e10fa673f7d46751d1401d9a"}
,"/Users/pooja/Documents/Development/CareerFoundry/FullStackImmersion/meet/src/components/Event.js": {"path":"/Users/pooja/Documents/Development/CareerFoundry/FullStackImmersion/meet/src/components/Event.js","statementMap":{"0":{"start":{"line":4,"column":14},"end":{"line":25,"column":1}},"1":{"start":{"line":5,"column":40},"end":{"line":5,"column":55}},"2":{"start":{"line":7,"column":2},"end":{"line":24,"column":4}},"3":{"start":{"line":18,"column":10},"end":{"line":18,"column":69}}},"fnMap":{"0":{"name":"(anonymous_0)","decl":{"start":{"line":4,"column":14},"end":{"line":4,"column":15}},"loc":{"start":{"line":4,"column":29},"end":{"line":25,"column":1}},"line":4},"1":{"name":"(anonymous_1)","decl":{"start":{"line":17,"column":17},"end":{"line":17,"column":18}},"loc":{"start":{"line":17,"column":23},"end":{"line":19,"column":9}},"line":17}},"branchMap":{"0":{"loc":{"start":{"line":9,"column":11},"end":{"line":9,"column":33}},"type":"binary-expr","locations":[{"start":{"line":9,"column":11},"end":{"line":9,"column":16}},{"start":{"line":9,"column":20},"end":{"line":9,"column":33}}],"line":9},"1":{"loc":{"start":{"line":10,"column":10},"end":{"line":10,"column":33}},"type":"binary-expr","locations":[{"start":{"line":10,"column":10},"end":{"line":10,"column":15}},{"start":{"line":10,"column":19},"end":{"line":10,"column":33}}],"line":10},"2":{"loc":{"start":{"line":11,"column":10},"end":{"line":11,"column":74}},"type":"binary-expr","locations":[{"start":{"line":11,"column":10},"end":{"line":11,"column":15}},{"start":{"line":11,"column":19},"end":{"line":11,"column":74}}],"line":11},"3":{"loc":{"start":{"line":12,"column":7},"end":{"line":14,"column":14}},"type":"cond-expr","locations":[{"start":{"line":13,"column":8},"end":{"line":13,"column":63}},{"start":{"line":14,"column":10},"end":{"line":14,"column":14}}],"line":12},"4":{"loc":{"start":{"line":13,"column":32},"end":{"line":13,"column":58}},"type":"binary-expr","locations":[{"start":{"line":13,"column":32},"end":{"line":13,"column":37}},{"start":{"line":13,"column":41},"end":{"line":13,"column":58}}],"line":13},"5":{"loc":{"start":{"line":18,"column":10},"end":{"line":18,"column":68}},"type":"cond-expr","locations":[{"start":{"line":18,"column":24},"end":{"line":18,"column":45}},{"start":{"line":18,"column":48},"end":{"line":18,"column":68}}],"line":18},"6":{"loc":{"start":{"line":21,"column":9},"end":{"line":21,"column":54}},"type":"cond-expr","locations":[{"start":{"line":21,"column":23},"end":{"line":21,"column":37}},{"start":{"line":21,"column":40},"end":{"line":21,"column":54}}],"line":21}},"s":{"0":1,"1":8,"2":8,"3":2},"f":{"0":8,"1":2},"b":{"0":[8,8],"1":[8,8],"2":[8,8],"3":[2,6],"4":[2,2],"5":[0,2],"6":[2,6]},"_coverageSchema":"1a1c01bbd47fc00a2c39e90264f33305004495a9","hash":"339dab2fd8070cbc831dda2acac7f200bcff4381"}
,"/Users/pooja/Documents/Development/CareerFoundry/FullStackImmersion/meet/src/components/NumberOfEvents.js": {"path":"/Users/pooja/Documents/Development/CareerFoundry/FullStackImmersion/meet/src/components/NumberOfEvents.js","statementMap":{"0":{"start":{"line":3,"column":23},"end":{"line":31,"column":1}},"1":{"start":{"line":4,"column":36},"end":{"line":4,"column":50}},"2":{"start":{"line":6,"column":29},"end":{"line":18,"column":3}},"3":{"start":{"line":7,"column":18},"end":{"line":7,"column":36}},"4":{"start":{"line":8,"column":4},"end":{"line":8,"column":24}},"5":{"start":{"line":11,"column":4},"end":{"line":16,"column":5}},"6":{"start":{"line":12,"column":6},"end":{"line":12,"column":53}},"7":{"start":{"line":14,"column":6},"end":{"line":14,"column":20}},"8":{"start":{"line":15,"column":6},"end":{"line":15,"column":27}},"9":{"start":{"line":17,"column":4},"end":{"line":17,"column":28}},"10":{"start":{"line":20,"column":2},"end":{"line":30,"column":4}}},"fnMap":{"0":{"name":"(anonymous_0)","decl":{"start":{"line":3,"column":23},"end":{"line":3,"column":24}},"loc":{"start":{"line":3,"column":61},"end":{"line":31,"column":1}},"line":3},"1":{"name":"(anonymous_1)","decl":{"start":{"line":6,"column":29},"end":{"line":6,"column":30}},"loc":{"start":{"line":6,"column":40},"end":{"line":18,"column":3}},"line":6}},"branchMap":{"0":{"loc":{"start":{"line":11,"column":4},"end":{"line":16,"column":5}},"type":"if","locations":[{"start":{"line":11,"column":4},"end":{"line":16,"column":5}},{"start":{"line":13,"column":11},"end":{"line":16,"column":5}}],"line":11},"1":{"loc":{"start":{"line":11,"column":8},"end":{"line":11,"column":34}},"type":"binary-expr","locations":[{"start":{"line":11,"column":8},"end":{"line":11,"column":20}},{"start":{"line":11,"column":24},"end":{"line":11,"column":34}}],"line":11}},"s":{"0":1,"1":7,"2":7,"3":4,"4":4,"5":4,"6":1,"7":3,"8":3,"9":4,"10":7},"f":{"0":7,"1":4},"b":{"0":[1,3],"1":[4,4]},"_coverageSchema":"1a1c01bbd47fc00a2c39e90264f33305004495a9","hash":"edfee56e508617aa0e0b9c282a42313b2dea8c53"}
}
