TN:
SF:src/App.js
FN:6,App
FNF:1
FNH:1
FNDA:2,App
DA:7,2
LF:1
LH:1
BRF:0
BRH:0
end_of_record
TN:
SF:src/api.js
FN:11,(anonymous_0)
FN:12,(anonymous_1)
FN:17,(anonymous_2)
FN:25,(anonymous_3)
FN:50,(anonymous_4)
FN:65,(anonymous_5)
FN:87,(anonymous_6)
FNF:7
FNH:3
FNDA:2,(anonymous_0)
FNDA:70,(anonymous_1)
FNDA:0,(anonymous_2)
FNDA:3,(anonymous_3)
FNDA:0,(anonymous_4)
FNDA:0,(anonymous_5)
FNDA:0,(anonymous_6)
DA:11,2
DA:12,70
DA:13,2
DA:14,2
DA:17,2
DA:18,0
DA:21,0
DA:22,0
DA:25,2
DA:26,3
DA:28,0
DA:29,0
DA:30,0
DA:33,0
DA:35,0
DA:36,0
DA:38,0
DA:41,0
DA:42,0
DA:43,0
DA:44,0
DA:45,0
DA:46,0
DA:50,2
DA:52,0
DA:53,0
DA:58,0
DA:60,0
DA:61,0
DA:65,2
DA:66,0
DA:68,0
DA:70,0
DA:71,0
DA:72,0
DA:73,0
DA:74,0
DA:75,0
DA:78,0
DA:79,0
DA:80,0
DA:82,0
DA:84,0
DA:87,2
DA:88,0
DA:89,0
DA:91,0
DA:96,0
DA:97,0
DA:99,0
DA:100,0
DA:101,0
DA:103,0
LF:53
LH:10
BRDA:26,0,0,3
BRDA:26,0,1,0
BRDA:28,1,0,0
BRDA:28,1,1,0
BRDA:30,2,0,0
BRDA:30,2,1,0
BRDA:35,3,0,0
BRDA:35,3,1,0
BRDA:43,4,0,0
BRDA:43,4,1,0
BRDA:52,5,0,0
BRDA:52,5,1,0
BRDA:52,6,0,0
BRDA:52,6,1,0
BRDA:68,7,0,0
BRDA:68,7,1,0
BRDA:70,8,0,0
BRDA:70,8,1,0
BRDA:70,9,0,0
BRDA:70,9,1,0
BRDA:74,10,0,0
BRDA:74,10,1,0
BRDA:82,11,0,0
BRDA:82,11,1,0
BRDA:96,12,0,0
BRDA:96,12,1,0
BRDA:100,13,0,0
BRDA:100,13,1,0
BRF:28
BRH:1
end_of_record
TN:
SF:src/mock-data.js
FNF:0
FNH:0
DA:1,2
LF:1
LH:1
BRF:0
BRH:0
end_of_record
TN:
SF:src/components/CitySearch.js
FN:3,(anonymous_0)
FN:7,(anonymous_1)
FN:10,(anonymous_2)
FN:18,(anonymous_3)
FN:30,(anonymous_4)
FN:35,(anonymous_5)
FNF:6
FNH:6
FNDA:25,(anonymous_0)
FNDA:12,(anonymous_1)
FNDA:24,(anonymous_2)
FNDA:1,(anonymous_3)
FNDA:3,(anonymous_4)
FNDA:12,(anonymous_5)
DA:3,2
DA:4,25
DA:5,25
DA:6,25
DA:7,25
DA:8,12
DA:9,12
DA:11,24
DA:15,12
DA:16,12
DA:18,25
DA:19,1
DA:20,1
DA:21,1
DA:23,25
DA:30,3
DA:36,12
LF:17
LH:17
BRDA:9,0,0,12
BRDA:9,0,1,0
BRDA:33,1,0,15
BRDA:33,1,1,10
BRF:4
BRH:3
end_of_record
TN:
SF:src/components/Event.js
FN:4,(anonymous_0)
FN:17,(anonymous_1)
FNF:2
FNH:2
FNDA:8,(anonymous_0)
FNDA:2,(anonymous_1)
DA:4,1
DA:5,8
DA:7,8
DA:18,2
LF:4
LH:4
BRDA:9,0,0,8
BRDA:9,0,1,8
BRDA:10,1,0,8
BRDA:10,1,1,8
BRDA:11,2,0,8
BRDA:11,2,1,8
BRDA:12,3,0,2
BRDA:12,3,1,6
BRDA:13,4,0,2
BRDA:13,4,1,2
BRDA:18,5,0,0
BRDA:18,5,1,2
BRDA:21,6,0,2
BRDA:21,6,1,6
BRF:14
BRH:13
end_of_record
TN:
SF:src/components/NumberOfEvents.js
FN:3,(anonymous_0)
FN:6,(anonymous_1)
FNF:2
FNH:2
FNDA:7,(anonymous_0)
FNDA:4,(anonymous_1)
DA:3,1
DA:4,7
DA:6,7
DA:7,4
DA:8,4
DA:11,4
DA:12,1
DA:14,3
DA:15,3
DA:17,4
DA:20,7
LF:11
LH:11
BRDA:11,0,0,1
BRDA:11,0,1,3
BRDA:11,1,0,4
BRDA:11,1,1,4
BRF:4
BRH:4
end_of_record
